<?xml version="1.0" encoding="UTF-8"?>
<testsuite xmlns:xsi="http://www.w3.org/2001/XMLSchema-instance" xsi:noNamespaceSchemaLocation="https://maven.apache.org/surefire/maven-surefire-plugin/xsd/surefire-test-report-3.0.xsd" version="3.0" name="org.eclipse.leshan.server.californium.bootstrap.LeshanBootstrapServerTest" time="2.536" tests="3" errors="0" skipped="0" failures="0">
  <properties>
    <property name="sun.desktop" value="gnome"/>
    <property name="awt.toolkit" value="sun.awt.X11.XToolkit"/>
    <property name="java.specification.version" value="11"/>
    <property name="sun.cpu.isalist" value=""/>
    <property name="sun.jnu.encoding" value="UTF-8"/>
    <property name="java.class.path" value="/home/wydar/Documents/leshan/leshan-server-cf/target/test-classes:/home/wydar/Documents/leshan/leshan-server-cf/target/classes:/home/wydar/Documents/leshan/leshan-core-cf/target/leshan-core-cf-2.0.0-SNAPSHOT.jar:/home/wydar/Documents/leshan/leshan-core/target/leshan-core-2.0.0-SNAPSHOT.jar:/home/wydar/.m2/repository/com/eclipsesource/minimal-json/minimal-json/0.9.5/minimal-json-0.9.5.jar:/home/wydar/.m2/repository/com/fasterxml/jackson/core/jackson-databind/2.11.2/jackson-databind-2.11.2.jar:/home/wydar/.m2/repository/com/fasterxml/jackson/core/jackson-annotations/2.11.2/jackson-annotations-2.11.2.jar:/home/wydar/.m2/repository/com/fasterxml/jackson/core/jackson-core/2.11.2/jackson-core-2.11.2.jar:/home/wydar/.m2/repository/com/fasterxml/jackson/dataformat/jackson-dataformat-cbor/2.11.2/jackson-dataformat-cbor-2.11.2.jar:/home/wydar/.m2/repository/com/upokecenter/cbor/4.3.0/cbor-4.3.0.jar:/home/wydar/.m2/repository/com/github/peteroupc/numbers/1.7.4/numbers-1.7.4.jar:/home/wydar/Documents/leshan/leshan-server-core/target/leshan-server-core-2.0.0-SNAPSHOT.jar:/home/wydar/.m2/repository/org/eclipse/californium/californium-core/3.0.0-M4/californium-core-3.0.0-M4.jar:/home/wydar/.m2/repository/org/eclipse/californium/californium-legal/3.0.0-M4/californium-legal-3.0.0-M4.jar:/home/wydar/.m2/repository/org/eclipse/californium/element-connector/3.0.0-M4/element-connector-3.0.0-M4.jar:/home/wydar/.m2/repository/net/i2p/crypto/eddsa/0.3.0/eddsa-0.3.0.jar:/home/wydar/.m2/repository/org/slf4j/slf4j-api/1.7.30/slf4j-api-1.7.30.jar:/home/wydar/.m2/repository/org/eclipse/californium/scandium/3.0.0-M4/scandium-3.0.0-M4.jar:/home/wydar/.m2/repository/junit/junit/4.13.1/junit-4.13.1.jar:/home/wydar/.m2/repository/org/hamcrest/hamcrest-core/1.3/hamcrest-core-1.3.jar:/home/wydar/.m2/repository/ch/qos/logback/logback-classic/1.2.3/logback-classic-1.2.3.jar:/home/wydar/.m2/repository/ch/qos/logback/logback-core/1.2.3/logback-core-1.2.3.jar:"/>
    <property name="java.vm.vendor" value="Ubuntu"/>
    <property name="sun.arch.data.model" value="64"/>
    <property name="java.vendor.url" value="https://ubuntu.com/"/>
    <property name="user.timezone" value="Africa/Ceuta"/>
    <property name="java.vm.specification.version" value="11"/>
    <property name="os.name" value="Linux"/>
    <property name="sun.java.launcher" value="SUN_STANDARD"/>
    <property name="user.country" value="US"/>
    <property name="sun.boot.library.path" value="/usr/lib/jvm/java-11-openjdk-amd64/lib"/>
    <property name="sun.java.command" value="/home/wydar/Documents/leshan/leshan-server-cf/target/surefire/surefirebooter3242594752307636525.jar /home/wydar/Documents/leshan/leshan-server-cf/target/surefire 2021-09-20T18-48-39_385-jvmRun1 surefire735444625808458514tmp surefire_73758754501755542443tmp"/>
    <property name="jdk.debug" value="release"/>
    <property name="surefire.test.class.path" value="/home/wydar/Documents/leshan/leshan-server-cf/target/test-classes:/home/wydar/Documents/leshan/leshan-server-cf/target/classes:/home/wydar/Documents/leshan/leshan-core-cf/target/leshan-core-cf-2.0.0-SNAPSHOT.jar:/home/wydar/Documents/leshan/leshan-core/target/leshan-core-2.0.0-SNAPSHOT.jar:/home/wydar/.m2/repository/com/eclipsesource/minimal-json/minimal-json/0.9.5/minimal-json-0.9.5.jar:/home/wydar/.m2/repository/com/fasterxml/jackson/core/jackson-databind/2.11.2/jackson-databind-2.11.2.jar:/home/wydar/.m2/repository/com/fasterxml/jackson/core/jackson-annotations/2.11.2/jackson-annotations-2.11.2.jar:/home/wydar/.m2/repository/com/fasterxml/jackson/core/jackson-core/2.11.2/jackson-core-2.11.2.jar:/home/wydar/.m2/repository/com/fasterxml/jackson/dataformat/jackson-dataformat-cbor/2.11.2/jackson-dataformat-cbor-2.11.2.jar:/home/wydar/.m2/repository/com/upokecenter/cbor/4.3.0/cbor-4.3.0.jar:/home/wydar/.m2/repository/com/github/peteroupc/numbers/1.7.4/numbers-1.7.4.jar:/home/wydar/Documents/leshan/leshan-server-core/target/leshan-server-core-2.0.0-SNAPSHOT.jar:/home/wydar/.m2/repository/org/eclipse/californium/californium-core/3.0.0-M4/californium-core-3.0.0-M4.jar:/home/wydar/.m2/repository/org/eclipse/californium/californium-legal/3.0.0-M4/californium-legal-3.0.0-M4.jar:/home/wydar/.m2/repository/org/eclipse/californium/element-connector/3.0.0-M4/element-connector-3.0.0-M4.jar:/home/wydar/.m2/repository/net/i2p/crypto/eddsa/0.3.0/eddsa-0.3.0.jar:/home/wydar/.m2/repository/org/slf4j/slf4j-api/1.7.30/slf4j-api-1.7.30.jar:/home/wydar/.m2/repository/org/eclipse/californium/scandium/3.0.0-M4/scandium-3.0.0-M4.jar:/home/wydar/.m2/repository/junit/junit/4.13.1/junit-4.13.1.jar:/home/wydar/.m2/repository/org/hamcrest/hamcrest-core/1.3/hamcrest-core-1.3.jar:/home/wydar/.m2/repository/ch/qos/logback/logback-classic/1.2.3/logback-classic-1.2.3.jar:/home/wydar/.m2/repository/ch/qos/logback/logback-core/1.2.3/logback-core-1.2.3.jar:"/>
    <property name="sun.cpu.endian" value="little"/>
    <property name="user.home" value="/home/wydar"/>
    <property name="user.language" value="en"/>
    <property name="java.specification.vendor" value="Oracle Corporation"/>
    <property name="java.version.date" value="2021-04-20"/>
    <property name="java.home" value="/usr/lib/jvm/java-11-openjdk-amd64"/>
    <property name="file.separator" value="/"/>
    <property name="basedir" value="/home/wydar/Documents/leshan/leshan-server-cf"/>
    <property name="java.vm.compressedOopsMode" value="Zero based"/>
    <property name="line.separator" value="&#10;"/>
    <property name="java.specification.name" value="Java Platform API Specification"/>
    <property name="java.vm.specification.vendor" value="Oracle Corporation"/>
    <property name="java.awt.graphicsenv" value="sun.awt.X11GraphicsEnvironment"/>
    <property name="logback.configurationFile" value="logback-leshan-test.xml"/>
    <property name="surefire.real.class.path" value="/home/wydar/Documents/leshan/leshan-server-cf/target/surefire/surefirebooter3242594752307636525.jar"/>
    <property name="sun.management.compiler" value="HotSpot 64-Bit Tiered Compilers"/>
    <property name="java.runtime.version" value="11.0.11+9-Ubuntu-0ubuntu2.20.04"/>
    <property name="user.name" value="wydar"/>
    <property name="path.separator" value=":"/>
    <property name="os.version" value="5.11.0-34-generic"/>
    <property name="java.runtime.name" value="OpenJDK Runtime Environment"/>
    <property name="file.encoding" value="UTF-8"/>
    <property name="java.vm.name" value="OpenJDK 64-Bit Server VM"/>
    <property name="localRepository" value="/home/wydar/.m2/repository"/>
    <property name="java.vendor.url.bug" value="https://bugs.launchpad.net/ubuntu/+source/openjdk-lts"/>
    <property name="java.io.tmpdir" value="/tmp"/>
    <property name="java.version" value="11.0.11"/>
    <property name="user.dir" value="/home/wydar/Documents/leshan/leshan-server-cf"/>
    <property name="os.arch" value="amd64"/>
    <property name="java.vm.specification.name" value="Java Virtual Machine Specification"/>
    <property name="java.awt.printerjob" value="sun.print.PSPrinterJob"/>
    <property name="sun.os.patch.level" value="unknown"/>
    <property name="java.library.path" value="/usr/java/packages/lib:/usr/lib/x86_64-linux-gnu/jni:/lib/x86_64-linux-gnu:/usr/lib/x86_64-linux-gnu:/usr/lib/jni:/lib:/usr/lib"/>
    <property name="java.vm.info" value="mixed mode, sharing"/>
    <property name="java.vendor" value="Ubuntu"/>
    <property name="java.vm.version" value="11.0.11+9-Ubuntu-0ubuntu2.20.04"/>
    <property name="sun.io.unicode.encoding" value="UnicodeLittle"/>
    <property name="java.class.version" value="55.0"/>
  </properties>
  <testcase name="testStartStopDestroy" classname="org.eclipse.leshan.server.californium.bootstrap.LeshanBootstrapServerTest" time="1.307"/>
  <testcase name="testStartDestroy" classname="org.eclipse.leshan.server.californium.bootstrap.LeshanBootstrapServerTest" time="0.995"/>
  <testcase name="testStartStopStart" classname="org.eclipse.leshan.server.californium.bootstrap.LeshanBootstrapServerTest" time="0.234"/>
</testsuite>