<?xml version="1.0" encoding="UTF-8"?>
<testsuite xmlns:xsi="http://www.w3.org/2001/XMLSchema-instance" xsi:noNamespaceSchemaLocation="https://maven.apache.org/surefire/maven-surefire-plugin/xsd/surefire-test-report-3.0.xsd" version="3.0" name="org.eclipse.leshan.integration.tests.write.WriteSingleValueTest" time="1.147" tests="80" errors="0" skipped="0" failures="0">
  <properties>
    <property name="sun.desktop" value="gnome"/>
    <property name="awt.toolkit" value="sun.awt.X11.XToolkit"/>
    <property name="java.specification.version" value="11"/>
    <property name="sun.cpu.isalist" value=""/>
    <property name="sun.jnu.encoding" value="UTF-8"/>
    <property name="java.class.path" value="/home/wydar/Documents/leshan/leshan-integration-tests/target/test-classes:/home/wydar/Documents/leshan/leshan-integration-tests/target/classes:/home/wydar/Documents/leshan/leshan-server-cf/target/leshan-server-cf-2.0.0-SNAPSHOT.jar:/home/wydar/Documents/leshan/leshan-core-cf/target/leshan-core-cf-2.0.0-SNAPSHOT.jar:/home/wydar/Documents/leshan/leshan-core/target/leshan-core-2.0.0-SNAPSHOT.jar:/home/wydar/.m2/repository/com/fasterxml/jackson/core/jackson-databind/2.11.2/jackson-databind-2.11.2.jar:/home/wydar/.m2/repository/com/fasterxml/jackson/core/jackson-annotations/2.11.2/jackson-annotations-2.11.2.jar:/home/wydar/.m2/repository/com/fasterxml/jackson/core/jackson-core/2.11.2/jackson-core-2.11.2.jar:/home/wydar/.m2/repository/com/fasterxml/jackson/dataformat/jackson-dataformat-cbor/2.11.2/jackson-dataformat-cbor-2.11.2.jar:/home/wydar/.m2/repository/com/upokecenter/cbor/4.3.0/cbor-4.3.0.jar:/home/wydar/.m2/repository/com/github/peteroupc/numbers/1.7.4/numbers-1.7.4.jar:/home/wydar/Documents/leshan/leshan-server-core/target/leshan-server-core-2.0.0-SNAPSHOT.jar:/home/wydar/.m2/repository/org/eclipse/californium/californium-core/3.0.0-M4/californium-core-3.0.0-M4.jar:/home/wydar/.m2/repository/org/eclipse/californium/scandium/3.0.0-M4/scandium-3.0.0-M4.jar:/home/wydar/Documents/leshan/leshan-server-redis/target/leshan-server-redis-2.0.0-SNAPSHOT.jar:/home/wydar/.m2/repository/redis/clients/jedis/3.3.0/jedis-3.3.0.jar:/home/wydar/.m2/repository/org/apache/commons/commons-pool2/2.6.2/commons-pool2-2.6.2.jar:/home/wydar/.m2/repository/com/eclipsesource/minimal-json/minimal-json/0.9.5/minimal-json-0.9.5.jar:/home/wydar/Documents/leshan/leshan-client-cf/target/leshan-client-cf-2.0.0-SNAPSHOT.jar:/home/wydar/Documents/leshan/leshan-client-core/target/leshan-client-core-2.0.0-SNAPSHOT.jar:/home/wydar/.m2/repository/junit/junit/4.13.1/junit-4.13.1.jar:/home/wydar/.m2/repository/org/hamcrest/hamcrest-core/1.3/hamcrest-core-1.3.jar:/home/wydar/.m2/repository/ch/qos/logback/logback-classic/1.2.3/logback-classic-1.2.3.jar:/home/wydar/.m2/repository/ch/qos/logback/logback-core/1.2.3/logback-core-1.2.3.jar:/home/wydar/.m2/repository/org/slf4j/slf4j-api/1.7.30/slf4j-api-1.7.30.jar:/home/wydar/.m2/repository/org/eclipse/californium/californium-core/3.0.0-M4/californium-core-3.0.0-M4-tests.jar:/home/wydar/.m2/repository/org/eclipse/californium/californium-legal/3.0.0-M4/californium-legal-3.0.0-M4.jar:/home/wydar/.m2/repository/org/eclipse/californium/element-connector/3.0.0-M4/element-connector-3.0.0-M4.jar:/home/wydar/.m2/repository/org/eclipse/californium/element-connector/3.0.0-M4/element-connector-3.0.0-M4-tests.jar:/home/wydar/.m2/repository/net/i2p/crypto/eddsa/0.3.0/eddsa-0.3.0.jar:"/>
    <property name="java.vm.vendor" value="Ubuntu"/>
    <property name="sun.arch.data.model" value="64"/>
    <property name="java.vendor.url" value="https://ubuntu.com/"/>
    <property name="user.timezone" value="Africa/Ceuta"/>
    <property name="java.vm.specification.version" value="11"/>
    <property name="os.name" value="Linux"/>
    <property name="sun.java.launcher" value="SUN_STANDARD"/>
    <property name="user.country" value="US"/>
    <property name="sun.boot.library.path" value="/usr/lib/jvm/java-11-openjdk-amd64/lib"/>
    <property name="sun.java.command" value="/home/wydar/Documents/leshan/leshan-integration-tests/target/surefire/surefirebooter690556726514725279.jar /home/wydar/Documents/leshan/leshan-integration-tests/target/surefire 2021-09-20T18-49-13_718-jvmRun1 surefire6432373385926563437tmp surefire_05219237619318389279tmp"/>
    <property name="jdk.debug" value="release"/>
    <property name="surefire.test.class.path" value="/home/wydar/Documents/leshan/leshan-integration-tests/target/test-classes:/home/wydar/Documents/leshan/leshan-integration-tests/target/classes:/home/wydar/Documents/leshan/leshan-server-cf/target/leshan-server-cf-2.0.0-SNAPSHOT.jar:/home/wydar/Documents/leshan/leshan-core-cf/target/leshan-core-cf-2.0.0-SNAPSHOT.jar:/home/wydar/Documents/leshan/leshan-core/target/leshan-core-2.0.0-SNAPSHOT.jar:/home/wydar/.m2/repository/com/fasterxml/jackson/core/jackson-databind/2.11.2/jackson-databind-2.11.2.jar:/home/wydar/.m2/repository/com/fasterxml/jackson/core/jackson-annotations/2.11.2/jackson-annotations-2.11.2.jar:/home/wydar/.m2/repository/com/fasterxml/jackson/core/jackson-core/2.11.2/jackson-core-2.11.2.jar:/home/wydar/.m2/repository/com/fasterxml/jackson/dataformat/jackson-dataformat-cbor/2.11.2/jackson-dataformat-cbor-2.11.2.jar:/home/wydar/.m2/repository/com/upokecenter/cbor/4.3.0/cbor-4.3.0.jar:/home/wydar/.m2/repository/com/github/peteroupc/numbers/1.7.4/numbers-1.7.4.jar:/home/wydar/Documents/leshan/leshan-server-core/target/leshan-server-core-2.0.0-SNAPSHOT.jar:/home/wydar/.m2/repository/org/eclipse/californium/californium-core/3.0.0-M4/californium-core-3.0.0-M4.jar:/home/wydar/.m2/repository/org/eclipse/californium/scandium/3.0.0-M4/scandium-3.0.0-M4.jar:/home/wydar/Documents/leshan/leshan-server-redis/target/leshan-server-redis-2.0.0-SNAPSHOT.jar:/home/wydar/.m2/repository/redis/clients/jedis/3.3.0/jedis-3.3.0.jar:/home/wydar/.m2/repository/org/apache/commons/commons-pool2/2.6.2/commons-pool2-2.6.2.jar:/home/wydar/.m2/repository/com/eclipsesource/minimal-json/minimal-json/0.9.5/minimal-json-0.9.5.jar:/home/wydar/Documents/leshan/leshan-client-cf/target/leshan-client-cf-2.0.0-SNAPSHOT.jar:/home/wydar/Documents/leshan/leshan-client-core/target/leshan-client-core-2.0.0-SNAPSHOT.jar:/home/wydar/.m2/repository/junit/junit/4.13.1/junit-4.13.1.jar:/home/wydar/.m2/repository/org/hamcrest/hamcrest-core/1.3/hamcrest-core-1.3.jar:/home/wydar/.m2/repository/ch/qos/logback/logback-classic/1.2.3/logback-classic-1.2.3.jar:/home/wydar/.m2/repository/ch/qos/logback/logback-core/1.2.3/logback-core-1.2.3.jar:/home/wydar/.m2/repository/org/slf4j/slf4j-api/1.7.30/slf4j-api-1.7.30.jar:/home/wydar/.m2/repository/org/eclipse/californium/californium-core/3.0.0-M4/californium-core-3.0.0-M4-tests.jar:/home/wydar/.m2/repository/org/eclipse/californium/californium-legal/3.0.0-M4/californium-legal-3.0.0-M4.jar:/home/wydar/.m2/repository/org/eclipse/californium/element-connector/3.0.0-M4/element-connector-3.0.0-M4.jar:/home/wydar/.m2/repository/org/eclipse/californium/element-connector/3.0.0-M4/element-connector-3.0.0-M4-tests.jar:/home/wydar/.m2/repository/net/i2p/crypto/eddsa/0.3.0/eddsa-0.3.0.jar:"/>
    <property name="sun.cpu.endian" value="little"/>
    <property name="user.home" value="/home/wydar"/>
    <property name="user.language" value="en"/>
    <property name="java.specification.vendor" value="Oracle Corporation"/>
    <property name="java.version.date" value="2021-04-20"/>
    <property name="java.home" value="/usr/lib/jvm/java-11-openjdk-amd64"/>
    <property name="file.separator" value="/"/>
    <property name="basedir" value="/home/wydar/Documents/leshan/leshan-integration-tests"/>
    <property name="java.vm.compressedOopsMode" value="Zero based"/>
    <property name="line.separator" value="&#10;"/>
    <property name="java.specification.name" value="Java Platform API Specification"/>
    <property name="java.vm.specification.vendor" value="Oracle Corporation"/>
    <property name="java.awt.graphicsenv" value="sun.awt.X11GraphicsEnvironment"/>
    <property name="logback.configurationFile" value="logback-leshan-test.xml"/>
    <property name="surefire.real.class.path" value="/home/wydar/Documents/leshan/leshan-integration-tests/target/surefire/surefirebooter690556726514725279.jar"/>
    <property name="sun.management.compiler" value="HotSpot 64-Bit Tiered Compilers"/>
    <property name="java.runtime.version" value="11.0.11+9-Ubuntu-0ubuntu2.20.04"/>
    <property name="user.name" value="wydar"/>
    <property name="path.separator" value=":"/>
    <property name="os.version" value="5.11.0-34-generic"/>
    <property name="java.runtime.name" value="OpenJDK Runtime Environment"/>
    <property name="file.encoding" value="UTF-8"/>
    <property name="java.vm.name" value="OpenJDK 64-Bit Server VM"/>
    <property name="localRepository" value="/home/wydar/.m2/repository"/>
    <property name="java.vendor.url.bug" value="https://bugs.launchpad.net/ubuntu/+source/openjdk-lts"/>
    <property name="java.io.tmpdir" value="/tmp"/>
    <property name="java.version" value="11.0.11"/>
    <property name="user.dir" value="/home/wydar/Documents/leshan/leshan-integration-tests"/>
    <property name="os.arch" value="amd64"/>
    <property name="java.vm.specification.name" value="Java Virtual Machine Specification"/>
    <property name="java.awt.printerjob" value="sun.print.PSPrinterJob"/>
    <property name="sun.os.patch.level" value="unknown"/>
    <property name="java.library.path" value="/usr/java/packages/lib:/usr/lib/x86_64-linux-gnu/jni:/lib/x86_64-linux-gnu:/usr/lib/x86_64-linux-gnu:/usr/lib/jni:/lib:/usr/lib"/>
    <property name="java.vm.info" value="mixed mode, sharing"/>
    <property name="java.vendor" value="Ubuntu"/>
    <property name="java.vm.version" value="11.0.11+9-Ubuntu-0ubuntu2.20.04"/>
    <property name="sun.io.unicode.encoding" value="UnicodeLittle"/>
    <property name="java.class.version" value="55.0"/>
  </properties>
  <testcase name="can_write_single_instance_objlnk_resource[TEXT(0)]" classname="org.eclipse.leshan.integration.tests.write.WriteSingleValueTest" time="0.068"/>
  <testcase name="can_write_single_instance_objlnk_resource[TLV(11542)]" classname="org.eclipse.leshan.integration.tests.write.WriteSingleValueTest" time="0.063"/>
  <testcase name="can_write_single_instance_objlnk_resource[CBOR(60)]" classname="org.eclipse.leshan.integration.tests.write.WriteSingleValueTest" time="0.082"/>
  <testcase name="can_write_single_instance_objlnk_resource[UNKNOWN(1542)]" classname="org.eclipse.leshan.integration.tests.write.WriteSingleValueTest" time="0.065"/>
  <testcase name="can_write_single_instance_objlnk_resource[JSON(11543)]" classname="org.eclipse.leshan.integration.tests.write.WriteSingleValueTest" time="0.057"/>
  <testcase name="can_write_single_instance_objlnk_resource[UNKNOWN(1543)]" classname="org.eclipse.leshan.integration.tests.write.WriteSingleValueTest" time="0.101"/>
  <testcase name="can_write_single_instance_objlnk_resource[SENML_JSON(110)]" classname="org.eclipse.leshan.integration.tests.write.WriteSingleValueTest" time="0.077"/>
  <testcase name="can_write_single_instance_objlnk_resource[SENML_CBOR(112)]" classname="org.eclipse.leshan.integration.tests.write.WriteSingleValueTest" time="0.059"/>
  <testcase name="write_time_resource[JSON(11543)]" classname="org.eclipse.leshan.integration.tests.write.WriteSingleValueTest" time="0.126"/>
  <testcase name="write_time_resource[TLV(11542)]" classname="org.eclipse.leshan.integration.tests.write.WriteSingleValueTest" time="0.064"/>
  <testcase name="write_time_resource[SENML_CBOR(112)]" classname="org.eclipse.leshan.integration.tests.write.WriteSingleValueTest" time="0.113"/>
  <testcase name="write_time_resource[UNKNOWN(1542)]" classname="org.eclipse.leshan.integration.tests.write.WriteSingleValueTest" time="0.173"/>
  <testcase name="write_time_resource[TEXT(0)]" classname="org.eclipse.leshan.integration.tests.write.WriteSingleValueTest" time="0.064"/>
  <testcase name="write_time_resource[CBOR(60)]" classname="org.eclipse.leshan.integration.tests.write.WriteSingleValueTest" time="0.097"/>
  <testcase name="write_time_resource[SENML_JSON(110)]" classname="org.eclipse.leshan.integration.tests.write.WriteSingleValueTest" time="0.075"/>
  <testcase name="write_time_resource[UNKNOWN(1543)]" classname="org.eclipse.leshan.integration.tests.write.WriteSingleValueTest" time="0.17"/>
  <testcase name="can_write_string_resource_instance[TLV(11542)]" classname="org.eclipse.leshan.integration.tests.write.WriteSingleValueTest" time="0.135"/>
  <testcase name="can_write_string_resource_instance[TEXT(0)]" classname="org.eclipse.leshan.integration.tests.write.WriteSingleValueTest" time="0.094"/>
  <testcase name="can_write_string_resource_instance[SENML_JSON(110)]" classname="org.eclipse.leshan.integration.tests.write.WriteSingleValueTest" time="0.143"/>
  <testcase name="can_write_string_resource_instance[SENML_CBOR(112)]" classname="org.eclipse.leshan.integration.tests.write.WriteSingleValueTest" time="0.128"/>
  <testcase name="can_write_string_resource_instance[CBOR(60)]" classname="org.eclipse.leshan.integration.tests.write.WriteSingleValueTest" time="0.147"/>
  <testcase name="can_write_string_resource_instance[JSON(11543)]" classname="org.eclipse.leshan.integration.tests.write.WriteSingleValueTest" time="0.126"/>
  <testcase name="send_writerequest_asynchronously_with_bad_payload_raises_codeexception[TEXT(0)]" classname="org.eclipse.leshan.integration.tests.write.WriteSingleValueTest" time="0.123"/>
  <testcase name="can_write_string_resource_instance[UNKNOWN(1542)]" classname="org.eclipse.leshan.integration.tests.write.WriteSingleValueTest" time="0.119"/>
  <testcase name="send_writerequest_asynchronously_with_bad_payload_raises_codeexception[TLV(11542)]" classname="org.eclipse.leshan.integration.tests.write.WriteSingleValueTest" time="0.103"/>
  <testcase name="can_write_string_resource_instance[UNKNOWN(1543)]" classname="org.eclipse.leshan.integration.tests.write.WriteSingleValueTest" time="0.124"/>
  <testcase name="send_writerequest_asynchronously_with_bad_payload_raises_codeexception[SENML_JSON(110)]" classname="org.eclipse.leshan.integration.tests.write.WriteSingleValueTest" time="0.584"/>
  <testcase name="send_writerequest_asynchronously_with_bad_payload_raises_codeexception[SENML_CBOR(112)]" classname="org.eclipse.leshan.integration.tests.write.WriteSingleValueTest" time="0.582"/>
  <testcase name="send_writerequest_asynchronously_with_bad_payload_raises_codeexception[JSON(11543)]" classname="org.eclipse.leshan.integration.tests.write.WriteSingleValueTest" time="0.082"/>
  <testcase name="send_writerequest_asynchronously_with_bad_payload_raises_codeexception[CBOR(60)]" classname="org.eclipse.leshan.integration.tests.write.WriteSingleValueTest" time="0.563"/>
  <testcase name="write_float_resource[TEXT(0)]" classname="org.eclipse.leshan.integration.tests.write.WriteSingleValueTest" time="0.077"/>
  <testcase name="send_writerequest_asynchronously_with_bad_payload_raises_codeexception[UNKNOWN(1542)]" classname="org.eclipse.leshan.integration.tests.write.WriteSingleValueTest" time="0.061"/>
  <testcase name="write_float_resource[TLV(11542)]" classname="org.eclipse.leshan.integration.tests.write.WriteSingleValueTest" time="0.078"/>
  <testcase name="write_float_resource[JSON(11543)]" classname="org.eclipse.leshan.integration.tests.write.WriteSingleValueTest" time="0.063"/>
  <testcase name="send_writerequest_asynchronously_with_bad_payload_raises_codeexception[UNKNOWN(1543)]" classname="org.eclipse.leshan.integration.tests.write.WriteSingleValueTest" time="0.036"/>
  <testcase name="write_float_resource[UNKNOWN(1542)]" classname="org.eclipse.leshan.integration.tests.write.WriteSingleValueTest" time="0.071"/>
  <testcase name="write_integer_resource[TEXT(0)]" classname="org.eclipse.leshan.integration.tests.write.WriteSingleValueTest" time="0.042"/>
  <testcase name="write_float_resource[UNKNOWN(1543)]" classname="org.eclipse.leshan.integration.tests.write.WriteSingleValueTest" time="0.043"/>
  <testcase name="write_integer_resource[TLV(11542)]" classname="org.eclipse.leshan.integration.tests.write.WriteSingleValueTest" time="0.079"/>
  <testcase name="write_integer_resource[JSON(11543)]" classname="org.eclipse.leshan.integration.tests.write.WriteSingleValueTest" time="0.051"/>
  <testcase name="write_boolean_resource[TEXT(0)]" classname="org.eclipse.leshan.integration.tests.write.WriteSingleValueTest" time="0.046"/>
  <testcase name="write_integer_resource[UNKNOWN(1543)]" classname="org.eclipse.leshan.integration.tests.write.WriteSingleValueTest" time="0.053"/>
  <testcase name="write_integer_resource[UNKNOWN(1542)]" classname="org.eclipse.leshan.integration.tests.write.WriteSingleValueTest" time="0.07"/>
  <testcase name="write_boolean_resource[JSON(11543)]" classname="org.eclipse.leshan.integration.tests.write.WriteSingleValueTest" time="0.101"/>
  <testcase name="send_writerequest_synchronously_with_bad_payload_raises_codeexception[TEXT(0)]" classname="org.eclipse.leshan.integration.tests.write.WriteSingleValueTest" time="0.072"/>
  <testcase name="write_boolean_resource[TLV(11542)]" classname="org.eclipse.leshan.integration.tests.write.WriteSingleValueTest" time="0.084"/>
  <testcase name="write_boolean_resource[UNKNOWN(1543)]" classname="org.eclipse.leshan.integration.tests.write.WriteSingleValueTest" time="0.073"/>
  <testcase name="write_boolean_resource[UNKNOWN(1542)]" classname="org.eclipse.leshan.integration.tests.write.WriteSingleValueTest" time="0.082"/>
  <testcase name="write_unsigned_integer_resource[TEXT(0)]" classname="org.eclipse.leshan.integration.tests.write.WriteSingleValueTest" time="0.068"/>
  <testcase name="send_writerequest_synchronously_with_bad_payload_raises_codeexception[UNKNOWN(1543)]" classname="org.eclipse.leshan.integration.tests.write.WriteSingleValueTest" time="0.069"/>
  <testcase name="send_writerequest_synchronously_with_bad_payload_raises_codeexception[TLV(11542)]" classname="org.eclipse.leshan.integration.tests.write.WriteSingleValueTest" time="0.055"/>
  <testcase name="send_writerequest_synchronously_with_bad_payload_raises_codeexception[JSON(11543)]" classname="org.eclipse.leshan.integration.tests.write.WriteSingleValueTest" time="0.066"/>
  <testcase name="send_writerequest_synchronously_with_bad_payload_raises_codeexception[UNKNOWN(1542)]" classname="org.eclipse.leshan.integration.tests.write.WriteSingleValueTest" time="0.072"/>
  <testcase name="write_string_resource[TEXT(0)]" classname="org.eclipse.leshan.integration.tests.write.WriteSingleValueTest" time="0.052"/>
  <testcase name="write_unsigned_integer_resource[TLV(11542)]" classname="org.eclipse.leshan.integration.tests.write.WriteSingleValueTest" time="0.051"/>
  <testcase name="write_unsigned_integer_resource[JSON(11543)]" classname="org.eclipse.leshan.integration.tests.write.WriteSingleValueTest" time="0.046"/>
  <testcase name="write_unsigned_integer_resource[UNKNOWN(1543)]" classname="org.eclipse.leshan.integration.tests.write.WriteSingleValueTest" time="0.046"/>
  <testcase name="write_unsigned_integer_resource[UNKNOWN(1542)]" classname="org.eclipse.leshan.integration.tests.write.WriteSingleValueTest" time="0.034"/>
  <testcase name="write_string_resource[TLV(11542)]" classname="org.eclipse.leshan.integration.tests.write.WriteSingleValueTest" time="0.03"/>
  <testcase name="write_string_resource[JSON(11543)]" classname="org.eclipse.leshan.integration.tests.write.WriteSingleValueTest" time="0.03"/>
  <testcase name="write_string_resource[UNKNOWN(1543)]" classname="org.eclipse.leshan.integration.tests.write.WriteSingleValueTest" time="0.035"/>
  <testcase name="write_string_resource[UNKNOWN(1542)]" classname="org.eclipse.leshan.integration.tests.write.WriteSingleValueTest" time="0.019"/>
  <testcase name="write_float_resource[SENML_JSON(110)]" classname="org.eclipse.leshan.integration.tests.write.WriteSingleValueTest" time="0.08"/>
  <testcase name="write_float_resource[SENML_CBOR(112)]" classname="org.eclipse.leshan.integration.tests.write.WriteSingleValueTest" time="0.06"/>
  <testcase name="write_float_resource[CBOR(60)]" classname="org.eclipse.leshan.integration.tests.write.WriteSingleValueTest" time="0.09"/>
  <testcase name="write_integer_resource[SENML_CBOR(112)]" classname="org.eclipse.leshan.integration.tests.write.WriteSingleValueTest" time="0.072"/>
  <testcase name="write_integer_resource[SENML_JSON(110)]" classname="org.eclipse.leshan.integration.tests.write.WriteSingleValueTest" time="0.062"/>
  <testcase name="write_integer_resource[CBOR(60)]" classname="org.eclipse.leshan.integration.tests.write.WriteSingleValueTest" time="0.064"/>
  <testcase name="write_boolean_resource[SENML_CBOR(112)]" classname="org.eclipse.leshan.integration.tests.write.WriteSingleValueTest" time="0.037"/>
  <testcase name="write_boolean_resource[SENML_JSON(110)]" classname="org.eclipse.leshan.integration.tests.write.WriteSingleValueTest" time="0.037"/>
  <testcase name="write_boolean_resource[CBOR(60)]" classname="org.eclipse.leshan.integration.tests.write.WriteSingleValueTest" time="0.031"/>
  <testcase name="send_writerequest_synchronously_with_bad_payload_raises_codeexception[SENML_CBOR(112)]" classname="org.eclipse.leshan.integration.tests.write.WriteSingleValueTest" time="0.027"/>
  <testcase name="send_writerequest_synchronously_with_bad_payload_raises_codeexception[SENML_JSON(110)]" classname="org.eclipse.leshan.integration.tests.write.WriteSingleValueTest" time="0.023"/>
  <testcase name="send_writerequest_synchronously_with_bad_payload_raises_codeexception[CBOR(60)]" classname="org.eclipse.leshan.integration.tests.write.WriteSingleValueTest" time="0.018"/>
  <testcase name="write_unsigned_integer_resource[SENML_CBOR(112)]" classname="org.eclipse.leshan.integration.tests.write.WriteSingleValueTest" time="0.033"/>
  <testcase name="write_unsigned_integer_resource[SENML_JSON(110)]" classname="org.eclipse.leshan.integration.tests.write.WriteSingleValueTest" time="0.031"/>
  <testcase name="write_unsigned_integer_resource[CBOR(60)]" classname="org.eclipse.leshan.integration.tests.write.WriteSingleValueTest" time="0.032"/>
  <testcase name="write_string_resource[SENML_JSON(110)]" classname="org.eclipse.leshan.integration.tests.write.WriteSingleValueTest" time="0.028"/>
  <testcase name="write_string_resource[SENML_CBOR(112)]" classname="org.eclipse.leshan.integration.tests.write.WriteSingleValueTest" time="0.028"/>
  <testcase name="write_string_resource[CBOR(60)]" classname="org.eclipse.leshan.integration.tests.write.WriteSingleValueTest" time="0.023"/>
</testsuite>