<?xml version="1.0" encoding="UTF-8"?>
<testsuite xmlns:xsi="http://www.w3.org/2001/XMLSchema-instance" xsi:noNamespaceSchemaLocation="https://maven.apache.org/surefire/maven-surefire-plugin/xsd/surefire-test-report-3.0.xsd" version="3.0" name="org.eclipse.leshan.core.node.codec.LwM2mNodeDecoderTest" time="0.031" tests="59" errors="0" skipped="0" failures="0">
  <properties>
    <property name="sun.desktop" value="gnome"/>
    <property name="awt.toolkit" value="sun.awt.X11.XToolkit"/>
    <property name="java.specification.version" value="11"/>
    <property name="sun.cpu.isalist" value=""/>
    <property name="sun.jnu.encoding" value="UTF-8"/>
    <property name="java.class.path" value="/home/wydar/Documents/leshan/leshan-core/target/test-classes:/home/wydar/Documents/leshan/leshan-core/target/classes:/home/wydar/.m2/repository/org/slf4j/slf4j-api/1.7.30/slf4j-api-1.7.30.jar:/home/wydar/.m2/repository/com/eclipsesource/minimal-json/minimal-json/0.9.5/minimal-json-0.9.5.jar:/home/wydar/.m2/repository/com/fasterxml/jackson/core/jackson-databind/2.11.2/jackson-databind-2.11.2.jar:/home/wydar/.m2/repository/com/fasterxml/jackson/core/jackson-annotations/2.11.2/jackson-annotations-2.11.2.jar:/home/wydar/.m2/repository/com/fasterxml/jackson/core/jackson-core/2.11.2/jackson-core-2.11.2.jar:/home/wydar/.m2/repository/com/fasterxml/jackson/dataformat/jackson-dataformat-cbor/2.11.2/jackson-dataformat-cbor-2.11.2.jar:/home/wydar/.m2/repository/com/upokecenter/cbor/4.3.0/cbor-4.3.0.jar:/home/wydar/.m2/repository/com/github/peteroupc/numbers/1.7.4/numbers-1.7.4.jar:/home/wydar/.m2/repository/junit/junit/4.13.1/junit-4.13.1.jar:/home/wydar/.m2/repository/org/hamcrest/hamcrest-core/1.3/hamcrest-core-1.3.jar:/home/wydar/.m2/repository/ch/qos/logback/logback-classic/1.2.3/logback-classic-1.2.3.jar:/home/wydar/.m2/repository/ch/qos/logback/logback-core/1.2.3/logback-core-1.2.3.jar:"/>
    <property name="java.vm.vendor" value="Ubuntu"/>
    <property name="sun.arch.data.model" value="64"/>
    <property name="java.vendor.url" value="https://ubuntu.com/"/>
    <property name="user.timezone" value="Africa/Ceuta"/>
    <property name="java.vm.specification.version" value="11"/>
    <property name="os.name" value="Linux"/>
    <property name="sun.java.launcher" value="SUN_STANDARD"/>
    <property name="user.country" value="US"/>
    <property name="sun.boot.library.path" value="/usr/lib/jvm/java-11-openjdk-amd64/lib"/>
    <property name="sun.java.command" value="/home/wydar/Documents/leshan/leshan-core/target/surefire/surefirebooter2887538606363182253.jar /home/wydar/Documents/leshan/leshan-core/target/surefire 2021-09-20T18-48-39_385-jvmRun1 surefire9927694799352933703tmp surefire_04017826920964386747tmp"/>
    <property name="jdk.debug" value="release"/>
    <property name="surefire.test.class.path" value="/home/wydar/Documents/leshan/leshan-core/target/test-classes:/home/wydar/Documents/leshan/leshan-core/target/classes:/home/wydar/.m2/repository/org/slf4j/slf4j-api/1.7.30/slf4j-api-1.7.30.jar:/home/wydar/.m2/repository/com/eclipsesource/minimal-json/minimal-json/0.9.5/minimal-json-0.9.5.jar:/home/wydar/.m2/repository/com/fasterxml/jackson/core/jackson-databind/2.11.2/jackson-databind-2.11.2.jar:/home/wydar/.m2/repository/com/fasterxml/jackson/core/jackson-annotations/2.11.2/jackson-annotations-2.11.2.jar:/home/wydar/.m2/repository/com/fasterxml/jackson/core/jackson-core/2.11.2/jackson-core-2.11.2.jar:/home/wydar/.m2/repository/com/fasterxml/jackson/dataformat/jackson-dataformat-cbor/2.11.2/jackson-dataformat-cbor-2.11.2.jar:/home/wydar/.m2/repository/com/upokecenter/cbor/4.3.0/cbor-4.3.0.jar:/home/wydar/.m2/repository/com/github/peteroupc/numbers/1.7.4/numbers-1.7.4.jar:/home/wydar/.m2/repository/junit/junit/4.13.1/junit-4.13.1.jar:/home/wydar/.m2/repository/org/hamcrest/hamcrest-core/1.3/hamcrest-core-1.3.jar:/home/wydar/.m2/repository/ch/qos/logback/logback-classic/1.2.3/logback-classic-1.2.3.jar:/home/wydar/.m2/repository/ch/qos/logback/logback-core/1.2.3/logback-core-1.2.3.jar:"/>
    <property name="sun.cpu.endian" value="little"/>
    <property name="user.home" value="/home/wydar"/>
    <property name="user.language" value="en"/>
    <property name="java.specification.vendor" value="Oracle Corporation"/>
    <property name="java.version.date" value="2021-04-20"/>
    <property name="java.home" value="/usr/lib/jvm/java-11-openjdk-amd64"/>
    <property name="file.separator" value="/"/>
    <property name="basedir" value="/home/wydar/Documents/leshan/leshan-core"/>
    <property name="java.vm.compressedOopsMode" value="Zero based"/>
    <property name="line.separator" value="&#10;"/>
    <property name="java.specification.name" value="Java Platform API Specification"/>
    <property name="java.vm.specification.vendor" value="Oracle Corporation"/>
    <property name="java.awt.graphicsenv" value="sun.awt.X11GraphicsEnvironment"/>
    <property name="logback.configurationFile" value="logback-leshan-test.xml"/>
    <property name="surefire.real.class.path" value="/home/wydar/Documents/leshan/leshan-core/target/surefire/surefirebooter2887538606363182253.jar"/>
    <property name="sun.management.compiler" value="HotSpot 64-Bit Tiered Compilers"/>
    <property name="java.runtime.version" value="11.0.11+9-Ubuntu-0ubuntu2.20.04"/>
    <property name="user.name" value="wydar"/>
    <property name="path.separator" value=":"/>
    <property name="os.version" value="5.11.0-34-generic"/>
    <property name="java.runtime.name" value="OpenJDK Runtime Environment"/>
    <property name="file.encoding" value="UTF-8"/>
    <property name="java.vm.name" value="OpenJDK 64-Bit Server VM"/>
    <property name="localRepository" value="/home/wydar/.m2/repository"/>
    <property name="java.vendor.url.bug" value="https://bugs.launchpad.net/ubuntu/+source/openjdk-lts"/>
    <property name="java.io.tmpdir" value="/tmp"/>
    <property name="java.version" value="11.0.11"/>
    <property name="user.dir" value="/home/wydar/Documents/leshan/leshan-core"/>
    <property name="os.arch" value="amd64"/>
    <property name="java.vm.specification.name" value="Java Virtual Machine Specification"/>
    <property name="java.awt.printerjob" value="sun.print.PSPrinterJob"/>
    <property name="sun.os.patch.level" value="unknown"/>
    <property name="java.library.path" value="/usr/java/packages/lib:/usr/lib/x86_64-linux-gnu/jni:/lib/x86_64-linux-gnu:/usr/lib/x86_64-linux-gnu:/usr/lib/jni:/lib:/usr/lib"/>
    <property name="java.vm.info" value="mixed mode, sharing"/>
    <property name="java.vendor" value="Ubuntu"/>
    <property name="java.vm.version" value="11.0.11+9-Ubuntu-0ubuntu2.20.04"/>
    <property name="sun.io.unicode.encoding" value="UnicodeLittle"/>
    <property name="java.class.version" value="55.0"/>
  </properties>
  <testcase name="senml_timestamped_instances" classname="org.eclipse.leshan.core.node.codec.LwM2mNodeDecoderTest" time="0.003"/>
  <testcase name="senml_json_decode_opaque_resource" classname="org.eclipse.leshan.core.node.codec.LwM2mNodeDecoderTest" time="0"/>
  <testcase name="tlv_empty_single_resource" classname="org.eclipse.leshan.core.node.codec.LwM2mNodeDecoderTest" time="0.001"/>
  <testcase name="tlv_empty_instance" classname="org.eclipse.leshan.core.node.codec.LwM2mNodeDecoderTest" time="0"/>
  <testcase name="tlv_unknown_object__missing_instance_tlv" classname="org.eclipse.leshan.core.node.codec.LwM2mNodeDecoderTest" time="0.001"/>
  <testcase name="senml_json_decode_acl_object" classname="org.eclipse.leshan.core.node.codec.LwM2mNodeDecoderTest" time="0"/>
  <testcase name="text_manufacturer_resource" classname="org.eclipse.leshan.core.node.codec.LwM2mNodeDecoderTest" time="0.001"/>
  <testcase name="json_missing_value_for_resource" classname="org.eclipse.leshan.core.node.codec.LwM2mNodeDecoderTest" time="0"/>
  <testcase name="json_custom_object_instance" classname="org.eclipse.leshan.core.node.codec.LwM2mNodeDecoderTest" time="0.001"/>
  <testcase name="tlv_empty_multi_resource" classname="org.eclipse.leshan.core.node.codec.LwM2mNodeDecoderTest" time="0"/>
  <testcase name="senml_json_decode_mixed_resource_and_instance" classname="org.eclipse.leshan.core.node.codec.LwM2mNodeDecoderTest" time="0"/>
  <testcase name="senml_json_decode_long" classname="org.eclipse.leshan.core.node.codec.LwM2mNodeDecoderTest" time="0.001"/>
  <testcase name="tlv_server_object_multi_instance_with_only_1_instance" classname="org.eclipse.leshan.core.node.codec.LwM2mNodeDecoderTest" time="0"/>
  <testcase name="tlv_empty_object" classname="org.eclipse.leshan.core.node.codec.LwM2mNodeDecoderTest" time="0"/>
  <testcase name="tlv_multi_instance_with_obj_link" classname="org.eclipse.leshan.core.node.codec.LwM2mNodeDecoderTest" time="0.001"/>
  <testcase name="json_device_object_instance0_without_basename" classname="org.eclipse.leshan.core.node.codec.LwM2mNodeDecoderTest" time="0.001"/>
  <testcase name="senml_json_decode_path_using_base_name" classname="org.eclipse.leshan.core.node.codec.LwM2mNodeDecoderTest" time="0.001"/>
  <testcase name="text_decode_should_throw_an_exception_for_invalid_base64" classname="org.eclipse.leshan.core.node.codec.LwM2mNodeDecoderTest" time="0"/>
  <testcase name="senml_json_decode_mixed_resource_without_given_path" classname="org.eclipse.leshan.core.node.codec.LwM2mNodeDecoderTest" time="0.001"/>
  <testcase name="senml_cbor_decode_opaque_resource" classname="org.eclipse.leshan.core.node.codec.LwM2mNodeDecoderTest" time="0"/>
  <testcase name="tlv_power_source__multiple_resource" classname="org.eclipse.leshan.core.node.codec.LwM2mNodeDecoderTest" time="0"/>
  <testcase name="json_empty_instance" classname="org.eclipse.leshan.core.node.codec.LwM2mNodeDecoderTest" time="0.001"/>
  <testcase name="tlv_device_object_instance0_from_resources_tlv" classname="org.eclipse.leshan.core.node.codec.LwM2mNodeDecoderTest" time="0"/>
  <testcase name="tlv_power_source__array_values" classname="org.eclipse.leshan.core.node.codec.LwM2mNodeDecoderTest" time="0"/>
  <testcase name="tlv_invalid_multi_resource_2_instance_with_the_same_id" classname="org.eclipse.leshan.core.node.codec.LwM2mNodeDecoderTest" time="0.001"/>
  <testcase name="tlv_instance_without_id_tlv" classname="org.eclipse.leshan.core.node.codec.LwM2mNodeDecoderTest" time="0"/>
  <testcase name="senml_json_decode_resources" classname="org.eclipse.leshan.core.node.codec.LwM2mNodeDecoderTest" time="0.001"/>
  <testcase name="json_timestamped_instances" classname="org.eclipse.leshan.core.node.codec.LwM2mNodeDecoderTest" time="0"/>
  <testcase name="senml_json_decode_invalid_path_with_value" classname="org.eclipse.leshan.core.node.codec.LwM2mNodeDecoderTest" time="0.001"/>
  <testcase name="senml_json_decode_invalid_path_with_timestamp" classname="org.eclipse.leshan.core.node.codec.LwM2mNodeDecoderTest" time="0"/>
  <testcase name="tlv_acl_object_multi_instance" classname="org.eclipse.leshan.core.node.codec.LwM2mNodeDecoderTest" time="0.001"/>
  <testcase name="senml_json_decode_ulong" classname="org.eclipse.leshan.core.node.codec.LwM2mNodeDecoderTest" time="0"/>
  <testcase name="json_cut_basename_name_in_the_middle_of_an_id" classname="org.eclipse.leshan.core.node.codec.LwM2mNodeDecoderTest" time="0.001"/>
  <testcase name="senml_timestamped_resources" classname="org.eclipse.leshan.core.node.codec.LwM2mNodeDecoderTest" time="0"/>
  <testcase name="tlv_single_instance_with_obj_link" classname="org.eclipse.leshan.core.node.codec.LwM2mNodeDecoderTest" time="0"/>
  <testcase name="json_invalid_instance_2_resources_with_the_same_id" classname="org.eclipse.leshan.core.node.codec.LwM2mNodeDecoderTest" time="0.001"/>
  <testcase name="text_battery_resource" classname="org.eclipse.leshan.core.node.codec.LwM2mNodeDecoderTest" time="0"/>
  <testcase name="json_empty_multi_resource" classname="org.eclipse.leshan.core.node.codec.LwM2mNodeDecoderTest" time="0.001"/>
  <testcase name="json_timestamped_Object" classname="org.eclipse.leshan.core.node.codec.LwM2mNodeDecoderTest" time="0"/>
  <testcase name="json_invalid_multi_resource_2_instances_with_the_same_id" classname="org.eclipse.leshan.core.node.codec.LwM2mNodeDecoderTest" time="0.001"/>
  <testcase name="senml_json_decode_multiple_resource" classname="org.eclipse.leshan.core.node.codec.LwM2mNodeDecoderTest" time="0"/>
  <testcase name="tlv_invalid_object_2_instances_with_the_same_id" classname="org.eclipse.leshan.core.node.codec.LwM2mNodeDecoderTest" time="0.001"/>
  <testcase name="json_empty_object" classname="org.eclipse.leshan.core.node.codec.LwM2mNodeDecoderTest" time="0"/>
  <testcase name="senml_json_decode_path_using_name" classname="org.eclipse.leshan.core.node.codec.LwM2mNodeDecoderTest" time="0"/>
  <testcase name="tlv_manufacturer_resource" classname="org.eclipse.leshan.core.node.codec.LwM2mNodeDecoderTest" time="0.001"/>
  <testcase name="text_decode_opaque_from_base64_string" classname="org.eclipse.leshan.core.node.codec.LwM2mNodeDecoderTest" time="0"/>
  <testcase name="tlv_device_object_instance0_from_resources_tlv__instance_expected" classname="org.eclipse.leshan.core.node.codec.LwM2mNodeDecoderTest" time="0"/>
  <testcase name="senml_timestamped_Object" classname="org.eclipse.leshan.core.node.codec.LwM2mNodeDecoderTest" time="0.001"/>
  <testcase name="senml_json_decode_single_resource" classname="org.eclipse.leshan.core.node.codec.LwM2mNodeDecoderTest" time="0"/>
  <testcase name="content_format_is_mandatory" classname="org.eclipse.leshan.core.node.codec.LwM2mNodeDecoderTest" time="0"/>
  <testcase name="tlv_resource_with_undesired_invalid_object_instance" classname="org.eclipse.leshan.core.node.codec.LwM2mNodeDecoderTest" time="0.001"/>
  <testcase name="tlv_invalid_object__instance_2_resources_with_the_same_id" classname="org.eclipse.leshan.core.node.codec.LwM2mNodeDecoderTest" time="0"/>
  <testcase name="json_device_object_instance0" classname="org.eclipse.leshan.core.node.codec.LwM2mNodeDecoderTest" time="0.001"/>
  <testcase name="json_empty_single_resource" classname="org.eclipse.leshan.core.node.codec.LwM2mNodeDecoderTest" time="0"/>
  <testcase name="json_device_object_instance0_with_empty_root_basename" classname="org.eclipse.leshan.core.node.codec.LwM2mNodeDecoderTest" time="0.002"/>
  <testcase name="tlv_resource_with_undesired_object_instance" classname="org.eclipse.leshan.core.node.codec.LwM2mNodeDecoderTest" time="0"/>
  <testcase name="json_timestamped_resources" classname="org.eclipse.leshan.core.node.codec.LwM2mNodeDecoderTest" time="0"/>
  <testcase name="tlv_device_object_instance0_from_instance_tlv" classname="org.eclipse.leshan.core.node.codec.LwM2mNodeDecoderTest" time="0.001"/>
  <testcase name="senml_json_decode_device_object_instance" classname="org.eclipse.leshan.core.node.codec.LwM2mNodeDecoderTest" time="0.001"/>
</testsuite>